Determining if the pthread_create exist failed with the following output:
Change Dir: /home/benves-7/Documents/School/S0008E/S0008E - Assignment 2 - Skeleton /Build/CMakeFiles/CMakeTmp

Run Build Command(s):/usr/bin/make cmTC_879e2/fast 
/usr/bin/make -f CMakeFiles/cmTC_879e2.dir/build.make CMakeFiles/cmTC_879e2.dir/build
make[1]: Entering directory '/home/benves-7/Documents/School/S0008E/S0008E - Assignment 2 - Skeleton /Build/CMakeFiles/CMakeTmp'
Building C object CMakeFiles/cmTC_879e2.dir/CheckSymbolExists.c.o
/usr/bin/cc    -o CMakeFiles/cmTC_879e2.dir/CheckSymbolExists.c.o   -c "/home/benves-7/Documents/School/S0008E/S0008E - Assignment 2 - Skeleton /Build/CMakeFiles/CMakeTmp/CheckSymbolExists.c"
Linking C executable cmTC_879e2
/home/benves-7/Documents/Clion/clion-2019.2.1/bin/cmake/linux/bin/cmake -E cmake_link_script CMakeFiles/cmTC_879e2.dir/link.txt --verbose=1
/usr/bin/cc      -rdynamic CMakeFiles/cmTC_879e2.dir/CheckSymbolExists.c.o  -o cmTC_879e2 
CMakeFiles/cmTC_879e2.dir/CheckSymbolExists.c.o: In function `main':
CheckSymbolExists.c:(.text+0x1b): undefined reference to `pthread_create'
collect2: error: ld returned 1 exit status
CMakeFiles/cmTC_879e2.dir/build.make:86: recipe for target 'cmTC_879e2' failed
make[1]: *** [cmTC_879e2] Error 1
make[1]: Leaving directory '/home/benves-7/Documents/School/S0008E/S0008E - Assignment 2 - Skeleton /Build/CMakeFiles/CMakeTmp'
Makefile:121: recipe for target 'cmTC_879e2/fast' failed
make: *** [cmTC_879e2/fast] Error 2

File /home/benves-7/Documents/School/S0008E/S0008E - Assignment 2 - Skeleton /Build/CMakeFiles/CMakeTmp/CheckSymbolExists.c:
/* */
#include <pthread.h>

int main(int argc, char** argv)
{
  (void)argv;
#ifndef pthread_create
  return ((int*)(&pthread_create))[argc];
#else
  (void)argc;
  return 0;
#endif
}

Determining if the function pthread_create exists in the pthreads failed with the following output:
Change Dir: /home/benves-7/Documents/School/S0008E/S0008E - Assignment 2 - Skeleton /Build/CMakeFiles/CMakeTmp

Run Build Command(s):/usr/bin/make cmTC_93826/fast 
/usr/bin/make -f CMakeFiles/cmTC_93826.dir/build.make CMakeFiles/cmTC_93826.dir/build
make[1]: Entering directory '/home/benves-7/Documents/School/S0008E/S0008E - Assignment 2 - Skeleton /Build/CMakeFiles/CMakeTmp'
Building C object CMakeFiles/cmTC_93826.dir/CheckFunctionExists.c.o
/usr/bin/cc   -DCHECK_FUNCTION_EXISTS=pthread_create   -o CMakeFiles/cmTC_93826.dir/CheckFunctionExists.c.o   -c /home/benves-7/Documents/Clion/clion-2019.2.1/bin/cmake/linux/share/cmake-3.14/Modules/CheckFunctionExists.c
Linking C executable cmTC_93826
/home/benves-7/Documents/Clion/clion-2019.2.1/bin/cmake/linux/bin/cmake -E cmake_link_script CMakeFiles/cmTC_93826.dir/link.txt --verbose=1
/usr/bin/cc  -DCHECK_FUNCTION_EXISTS=pthread_create    -rdynamic CMakeFiles/cmTC_93826.dir/CheckFunctionExists.c.o  -o cmTC_93826 -lpthreads 
/usr/bin/ld: cannot find -lpthreads
collect2: error: ld returned 1 exit status
CMakeFiles/cmTC_93826.dir/build.make:86: recipe for target 'cmTC_93826' failed
make[1]: *** [cmTC_93826] Error 1
make[1]: Leaving directory '/home/benves-7/Documents/School/S0008E/S0008E - Assignment 2 - Skeleton /Build/CMakeFiles/CMakeTmp'
Makefile:121: recipe for target 'cmTC_93826/fast' failed
make: *** [cmTC_93826/fast] Error 2


